000 (7081726.000.000) 04/12 20:45:43 Job submitted from host: <172.21.0.15:37501?addrs=172.21.0.15-37501>
...
001 (7081726.000.000) 04/12 20:45:53 Job executing on host: <172.20.1.27:53487?addrs=172.20.1.27-53487>
...
006 (7081726.000.000) 04/12 20:46:00 Image size of job updated: 4
	0  -  MemoryUsage of job (MB)
	0  -  ResidentSetSize of job (KB)
...
005 (7081726.000.000) 04/12 20:46:00 Job terminated.
	(1) Normal termination (return value 1)
		Usr 0 00:00:00, Sys 0 00:00:00  -  Run Remote Usage
		Usr 0 00:00:00, Sys 0 00:00:00  -  Run Local Usage
		Usr 0 00:00:00, Sys 0 00:00:00  -  Total Remote Usage
		Usr 0 00:00:00, Sys 0 00:00:00  -  Total Local Usage
	0  -  Run Bytes Sent By Job
	0  -  Run Bytes Received By Job
	0  -  Total Bytes Sent By Job
	0  -  Total Bytes Received By Job
	Partitionable Resources :    Usage  Request Allocated
	   Cpus                 :                12        12
	   Disk (KB)            :        4        4    610179
	   Memory (MB)          :        0        1         1
...
000 (7081825.000.000) 04/13 19:39:12 Job submitted from host: <172.21.0.15:37501?addrs=172.21.0.15-37501>
...
001 (7081825.000.000) 04/13 19:39:19 Job executing on host: <172.20.1.27:53487?addrs=172.20.1.27-53487>
...
006 (7081825.000.000) 04/13 19:39:20 Image size of job updated: 4
	0  -  MemoryUsage of job (MB)
	0  -  ResidentSetSize of job (KB)
...
005 (7081825.000.000) 04/13 19:39:21 Job terminated.
	(1) Normal termination (return value 1)
		Usr 0 00:00:00, Sys 0 00:00:00  -  Run Remote Usage
		Usr 0 00:00:00, Sys 0 00:00:00  -  Run Local Usage
		Usr 0 00:00:00, Sys 0 00:00:00  -  Total Remote Usage
		Usr 0 00:00:00, Sys 0 00:00:00  -  Total Local Usage
	181  -  Run Bytes Sent By Job
	3634  -  Run Bytes Received By Job
	181  -  Total Bytes Sent By Job
	3634  -  Total Bytes Received By Job
	Partitionable Resources :    Usage  Request Allocated
	   Cpus                 :                12        12
	   Disk (KB)            :       25        4    610157
	   Memory (MB)          :        0        1         1
...
000 (7081911.000.000) 04/13 22:19:21 Job submitted from host: <172.21.0.15:37501?addrs=172.21.0.15-37501>
...
001 (7081911.000.000) 04/13 22:19:32 Job executing on host: <172.20.1.5:53133?addrs=172.20.1.5-53133>
...
006 (7081911.000.000) 04/13 22:19:41 Image size of job updated: 4
	4  -  MemoryUsage of job (MB)
	3512  -  ResidentSetSize of job (KB)
...
006 (7081911.000.000) 04/13 22:20:12 Image size of job updated: 1040452
	4  -  MemoryUsage of job (MB)
	3512  -  ResidentSetSize of job (KB)
...
005 (7081911.000.000) 04/13 22:20:13 Job terminated.
	(1) Normal termination (return value 0)
		Usr 0 00:00:40, Sys 0 00:00:01  -  Run Remote Usage
		Usr 0 00:00:00, Sys 0 00:00:00  -  Run Local Usage
		Usr 0 00:00:40, Sys 0 00:00:01  -  Total Remote Usage
		Usr 0 00:00:00, Sys 0 00:00:00  -  Total Local Usage
	143  -  Run Bytes Sent By Job
	3721  -  Run Bytes Received By Job
	143  -  Total Bytes Sent By Job
	3721  -  Total Bytes Received By Job
	Partitionable Resources :    Usage  Request Allocated
	   Cpus                 :                12        12
	   Disk (KB)            :      462        4    610192
	   Memory (MB)          :        4        1         1
...
000 (7082108.000.000) 04/15 10:13:27 Job submitted from host: <172.21.0.15:37501?addrs=172.21.0.15-37501>
...
001 (7082108.000.000) 04/15 10:13:33 Job executing on host: <172.20.1.42:57923?addrs=172.20.1.42-57923>
...
006 (7082108.000.000) 04/15 10:13:42 Image size of job updated: 4
	4  -  MemoryUsage of job (MB)
	3512  -  ResidentSetSize of job (KB)
...
006 (7082108.000.000) 04/15 10:18:43 Image size of job updated: 1040688
	93  -  MemoryUsage of job (MB)
	94888  -  ResidentSetSize of job (KB)
...
005 (7082108.000.000) 04/15 10:23:31 Job terminated.
	(1) Normal termination (return value 0)
		Usr 0 00:22:50, Sys 0 00:00:04  -  Run Remote Usage
		Usr 0 00:00:00, Sys 0 00:00:00  -  Run Local Usage
		Usr 0 00:22:50, Sys 0 00:00:04  -  Total Remote Usage
		Usr 0 00:00:00, Sys 0 00:00:00  -  Total Local Usage
	143  -  Run Bytes Sent By Job
	3792  -  Run Bytes Received By Job
	143  -  Total Bytes Sent By Job
	3792  -  Total Bytes Received By Job
	Partitionable Resources :    Usage  Request Allocated
	   Cpus                 :                12        12
	   Disk (KB)            :      462        4    609950
	   Memory (MB)          :       93        1         1
...
